[2023/12/07 13:00:41   1]
pool-1-thread-1[49841] (1): Message - 1
[2023/12/07 13:00:42   2]
pool-1-thread-2[49843] (1): Message - 1
[2023/12/07 13:00:42   3]
pool-1-thread-3[49844] (1): Message - 1
[2023/12/07 13:00:42   4]
pool-1-thread-4[49845] (1): Message - 1
[2023/12/07 13:00:42   5]
pool-1-thread-1[49841] (2): Message - 2
[2023/12/07 13:00:43   6]
pool-1-thread-2[49843] (2): Message - 2
[2023/12/07 13:00:43   7]
pool-1-thread-3[49844] (2): Message - 2
[2023/12/07 13:00:43   8]
pool-1-thread-4[49845] (2): Message - 2
[2023/12/07 13:00:43   9]
pool-1-thread-1[49841] (3): Message - 3
[2023/12/07 13:00:44  10]
pool-1-thread-2[49843] (3): Message - 3
[2023/12/07 13:00:44  11]
pool-1-thread-3[49844] (3): Message - 3
[2023/12/07 13:00:44  12]
pool-1-thread-4[49845] (3): Message - 3
[2023/12/07 13:00:44  13]
pool-1-thread-1[49841] (4): Message - 4
[2023/12/07 13:00:45  14]
pool-1-thread-2[49843] (4): Message - 4
[2023/12/07 13:00:45  15]
pool-1-thread-3[49844] (4): Message - 4
[2023/12/07 13:00:45  16]
pool-1-thread-4[49845] (4): Message - 4
[2023/12/07 13:00:45  17]
pool-1-thread-1[49841] (5): Message - 5
[2023/12/07 13:00:46  18]
pool-1-thread-2[49843] (5): Message - 5
[2023/12/07 13:00:46  19]
pool-1-thread-3[49844] (5): Message - 5
[2023/12/07 13:00:46  20]
pool-1-thread-4[49845] (5): Message - 5
[2023/12/07 13:01:30  21]
Andrey[49854] (1): hello
[2023/12/07 13:01:36  22]
Andrey[49854] (2): by
Hello[2023/12/09 13:54:45   1]
pool-1-thread-1[51854] (1): Message - 1
[2023/12/09 13:54:45   2]
pool-1-thread-2[51855] (1): Message - 1
[2023/12/09 13:54:45   3]
pool-1-thread-3[51856] (1): Message - 1
[2023/12/09 13:54:45   4]
pool-1-thread-4[51857] (1): Message - 1
[2023/12/09 13:54:46   5]
pool-1-thread-1[51854] (2): Message - 2
[2023/12/09 13:54:46   6]
pool-1-thread-2[51855] (2): Message - 2
[2023/12/09 13:54:46   7]
pool-1-thread-3[51856] (2): Message - 2
[2023/12/09 13:54:46   8]
pool-1-thread-4[51857] (2): Message - 2
[2023/12/09 13:54:47   9]
pool-1-thread-1[51854] (3): Message - 3
[2023/12/09 13:54:47  10]
pool-1-thread-2[51855] (3): Message - 3
[2023/12/09 13:54:47  11]
pool-1-thread-3[51856] (3): Message - 3
[2023/12/09 13:54:47  12]
pool-1-thread-4[51857] (3): Message - 3
[2023/12/09 13:54:48  13]
pool-1-thread-1[51854] (4): Message - 4
[2023/12/09 13:54:48  14]
pool-1-thread-2[51855] (4): Message - 4
[2023/12/09 13:54:48  15]
pool-1-thread-3[51856] (4): Message - 4
[2023/12/09 13:54:48  16]
pool-1-thread-4[51857] (4): Message - 4
[2023/12/09 13:54:49  17]
pool-1-thread-1[51854] (5): Message - 5
[2023/12/09 13:54:49  18]
pool-1-thread-2[51855] (5): Message - 5
[2023/12/09 13:54:49  19]
pool-1-thread-3[51856] (5): Message - 5
[2023/12/09 13:54:49  20]
pool-1-thread-4[51857] (5): Message - 5
[2023/12/13 18:13:52   1]
pool-2-thread-3[52748] (1): Message - 1
[2023/12/13 18:13:52   2]
pool-2-thread-4[52749] (1): Message - 1
[2023/12/13 18:13:53   3]
pool-2-thread-5[52750] (1): Message - 1
[2023/12/13 18:13:53   4]
pool-2-thread-3[52748] (2): Message - 2
[2023/12/13 18:13:53   5]
pool-2-thread-4[52749] (2): Message - 2
[2023/12/13 18:13:54   6]
pool-2-thread-5[52750] (2): Message - 2
[2023/12/13 18:13:54   7]
pool-2-thread-3[52748] (3): Message - 3
[2023/12/13 18:13:54   8]
pool-2-thread-4[52749] (3): Message - 3
[2023/12/13 18:13:55   9]
pool-2-thread-5[52750] (3): Message - 3
[2023/12/13 18:13:55  10]
pool-2-thread-3[52748] (4): Message - 4
[2023/12/13 18:13:55  11]
pool-2-thread-4[52749] (4): Message - 4
[2023/12/13 18:13:56  12]
pool-2-thread-5[52750] (4): Message - 4
[2023/12/13 18:13:56  13]
pool-2-thread-3[52748] (5): Message - 5
[2023/12/13 18:13:56  14]
pool-2-thread-4[52749] (5): Message - 5
[2023/12/13 18:13:57  15]
pool-2-thread-5[52750] (5): Message - 5
[2023/12/13 18:16:47   1]
pool-2-thread-1[52807] (1): Message - 1
[2023/12/13 18:16:47   2]
pool-2-thread-2[52808] (1): Message - 1
[2023/12/13 18:16:47   3]
pool-2-thread-3[52809] (1): Message - 1
[2023/12/13 18:16:47   4]
pool-2-thread-4[52810] (1): Message - 1
[2023/12/13 18:16:48   5]
pool-2-thread-1[52807] (2): Message - 2
[2023/12/13 18:16:48   6]
pool-2-thread-2[52808] (2): Message - 2
[2023/12/13 18:16:48   7]
pool-2-thread-3[52809] (2): Message - 2
[2023/12/13 18:16:48   8]
pool-2-thread-4[52810] (2): Message - 2
[2023/12/13 18:16:49   9]
pool-2-thread-1[52807] (3): Message - 3
[2023/12/13 18:16:49  10]
pool-2-thread-2[52808] (3): Message - 3
[2023/12/13 18:16:49  11]
pool-2-thread-3[52809] (3): Message - 3
[2023/12/13 18:16:49  12]
pool-2-thread-4[52810] (3): Message - 3
[2023/12/13 18:16:50  13]
pool-2-thread-1[52807] (4): Message - 4
[2023/12/13 18:16:50  14]
pool-2-thread-2[52808] (4): Message - 4
[2023/12/13 18:16:50  15]
pool-2-thread-3[52809] (4): Message - 4
[2023/12/13 18:16:50  16]
pool-2-thread-4[52810] (4): Message - 4
[2023/12/13 18:16:51  17]
pool-2-thread-1[52807] (5): Message - 5
[2023/12/13 18:16:51  18]
pool-2-thread-2[52808] (5): Message - 5
[2023/12/13 18:16:51  19]
pool-2-thread-3[52809] (5): Message - 5
[2023/12/13 18:16:51  20]
pool-2-thread-4[52810] (5): Message - 5
[2023/12/13 18:17:20   1]
pool-2-thread-1[52816] (1): Message - 1
[2023/12/13 18:17:20   2]
pool-2-thread-2[52817] (1): Message - 1
[2023/12/13 18:17:20   3]
pool-2-thread-3[52818] (1): Message - 1
[2023/12/13 18:17:21   4]
pool-2-thread-4[52819] (1): Message - 1
[2023/12/13 18:17:21   5]
pool-2-thread-1[52816] (2): Message - 2
[2023/12/13 18:17:21   6]
pool-2-thread-2[52817] (2): Message - 2
[2023/12/13 18:17:21   7]
pool-2-thread-3[52818] (2): Message - 2
[2023/12/13 18:17:22   8]
pool-2-thread-4[52819] (2): Message - 2
[2023/12/13 18:17:22   9]
pool-2-thread-1[52816] (3): Message - 3
[2023/12/13 18:17:22  10]
pool-2-thread-2[52817] (3): Message - 3
[2023/12/13 18:17:22  11]
pool-2-thread-3[52818] (3): Message - 3
[2023/12/13 18:17:23  12]
pool-2-thread-4[52819] (3): Message - 3
[2023/12/13 18:17:23  13]
pool-2-thread-1[52816] (4): Message - 4
[2023/12/13 18:17:23  14]
pool-2-thread-2[52817] (4): Message - 4
[2023/12/13 18:17:23  15]
pool-2-thread-3[52818] (4): Message - 4
[2023/12/13 18:17:24  16]
pool-2-thread-4[52819] (4): Message - 4
[2023/12/13 18:17:24  17]
pool-2-thread-1[52816] (5): Message - 5
[2023/12/13 18:17:24  18]
pool-2-thread-2[52817] (5): Message - 5
[2023/12/13 18:17:24  19]
pool-2-thread-3[52818] (5): Message - 5
[2023/12/13 18:17:25  20]
pool-2-thread-4[52819] (5): Message - 5
[2023/12/13 19:27:27   1]
gggg[53561] (1): аааа
[2023/12/13 19:29:48   1]
pool-2-thread-1[53590] (1): Message - 1
[2023/12/13 19:29:48   2]
pool-2-thread-2[53591] (1): Message - 1
[2023/12/13 19:29:48   3]
pool-2-thread-3[53592] (1): Message - 1
[2023/12/13 19:29:49   4]
pool-2-thread-4[53593] (1): Message - 1
[2023/12/13 19:29:49   5]
pool-2-thread-1[53590] (2): Message - 2
[2023/12/13 19:29:49   6]
pool-2-thread-2[53591] (2): Message - 2
[2023/12/13 19:29:49   7]
pool-2-thread-3[53592] (2): Message - 2
[2023/12/13 19:29:50   8]
pool-2-thread-4[53593] (2): Message - 2
[2023/12/13 19:29:50   9]
pool-2-thread-1[53590] (3): Message - 3
[2023/12/13 19:29:50  10]
pool-2-thread-2[53591] (3): Message - 3
[2023/12/13 19:29:50  11]
pool-2-thread-3[53592] (3): Message - 3
[2023/12/13 19:29:51  12]
pool-2-thread-4[53593] (3): Message - 3
[2023/12/13 19:29:51  13]
pool-2-thread-1[53590] (4): Message - 4
[2023/12/13 19:29:51  14]
pool-2-thread-2[53591] (4): Message - 4
[2023/12/13 19:29:51  15]
pool-2-thread-3[53592] (4): Message - 4
[2023/12/13 19:29:52  16]
pool-2-thread-4[53593] (4): Message - 4
[2023/12/13 19:29:52  17]
pool-2-thread-1[53590] (5): Message - 5
[2023/12/13 19:29:52  18]
pool-2-thread-2[53591] (5): Message - 5
[2023/12/13 19:29:53  19]
pool-2-thread-3[53592] (5): Message - 5
[2023/12/13 19:29:53  20]
pool-2-thread-4[53593] (5): Message - 5
