[2023/12/07 12:59:56   1]
INFO (1) : Hello! Server is active, Waiting for console commands or user connection.. 
To shut down the server - write "exit"
[2023/12/07 13:00:40   2]
NEW USER  (1) : : pool-1-thread-1[49841]
[2023/12/07 13:00:41   3]
NEW USER  (2) : : pool-1-thread-2[49843]
[2023/12/07 13:00:41   4]
NEW USER  (3) : : pool-1-thread-3[49844]
[2023/12/07 13:00:41   5]
NEW USER  (4) : : pool-1-thread-4[49845]
[2023/12/07 13:00:46   6]
EXIT FROM CHAT (1) : : pool-1-thread-1[49841]
[2023/12/07 13:00:47   7]
EXIT FROM CHAT (2) : : pool-1-thread-2[49843]
[2023/12/07 13:00:47   8]
EXIT FROM CHAT (3) : : pool-1-thread-3[49844]
[2023/12/07 13:00:47   9]
EXIT FROM CHAT (4) : : pool-1-thread-4[49845]
[2023/12/07 13:00:47  10]
CLOSING A CHANNEL WITH A USER (1) : : [pool-1-thread-1[49841]]- DONE
[2023/12/07 13:00:48  11]
CLOSING A CHANNEL WITH A USER (2) : : [pool-1-thread-2[49843]]- DONE
[2023/12/07 13:00:48  12]
CLOSING A CHANNEL WITH A USER (3) : : [pool-1-thread-3[49844]]- DONE
[2023/12/07 13:00:48  13]
CLOSING A CHANNEL WITH A USER (4) : : [pool-1-thread-4[49845]]- DONE
[2023/12/07 13:01:14  14]
NEW USER  (5) : : Andrey[49854]
[2023/12/07 13:01:41  15]
EXIT FROM CHAT (5) : : Andrey[49854]
[2023/12/07 13:01:42  16]
CLOSING A CHANNEL WITH A USER (5) : : [Andrey[49854]]- DONE
[2023/12/07 13:01:55  17]
INFO (2) : EXIT
[2023/12/08 17:53:05   1]
INFO (1) : Hello
[2023/12/08 17:57:26   1]
INFO (1) : Hello
[2023/12/08 17:58:14   1]
INFO (1) : Hello
[2023/12/08 17:58:57   1]
INFO (1) : Hello
[2023/12/08 18:01:13   1]
INFO (1) : Hello
[2023/12/08 18:08:43   1]
INFO (1) : Hello
[2023/12/08 18:22:16   1]
INFO (1) : Hello
[2023/12/08 18:26:22   1]
INFO (1) : Hello
[2023/12/09 13:54:20   1]
INFO (1) : Hello! Server is active, Waiting for console commands or user connection.. 
To shut down the server - write "exit"
[2023/12/09 13:54:44   2]
NEW USER  (1) : : pool-1-thread-1[51854]
[2023/12/09 13:54:44   3]
NEW USER  (2) : : pool-1-thread-2[51855]
[2023/12/09 13:54:44   4]
NEW USER  (3) : : pool-1-thread-3[51856]
[2023/12/09 13:54:44   5]
NEW USER  (4) : : pool-1-thread-4[51857]
[2023/12/09 13:54:50   6]
EXIT FROM CHAT (1) : : pool-1-thread-1[51854]
[2023/12/09 13:54:50   7]
EXIT FROM CHAT (2) : : pool-1-thread-2[51855]
[2023/12/09 13:54:50   8]
EXIT FROM CHAT (3) : : pool-1-thread-3[51856]
[2023/12/09 13:54:50   9]
EXIT FROM CHAT (4) : : pool-1-thread-4[51857]
[2023/12/09 13:54:51  10]
CLOSING A CHANNEL WITH A USER (1) : : [pool-1-thread-1[51854]]- DONE
[2023/12/09 13:54:51  11]
CLOSING A CHANNEL WITH A USER (2) : : [pool-1-thread-2[51855]]- DONE
[2023/12/09 13:54:51  12]
CLOSING A CHANNEL WITH A USER (3) : : [pool-1-thread-3[51856]]- DONE
[2023/12/09 13:54:51  13]
CLOSING A CHANNEL WITH A USER (4) : : [pool-1-thread-4[51857]]- DONE
[2023/12/09 13:55:03  14]
INFO (2) : EXIT
